# JRE version: 7.0_21-b02
# Java VM: OpenJDK 64-Bit Server VM (23.7-b01 mixed mode linux-amd64 compressed oops)
Heap
 PSYoungGen      total 133056K, used 89881K [0x00000000eaab0000, 0x00000000fc970000, 0x0000000100000000)
  eden space 127744K, 66% used [0x00000000eaab0000,0x00000000efd4d290,0x00000000f2770000)
  from space 5312K, 99% used [0x00000000f2770000,0x00000000f2c99478,0x00000000f2ca0000)
  to   space 19072K, 0% used [0x00000000fb6d0000,0x00000000fb6d0000,0x00000000fc970000)
 ParOldGen       total 85184K, used 19694K [0x00000000c0000000, 0x00000000c5330000, 0x00000000eaab0000)
  object space 85184K, 23% used [0x00000000c0000000,0x00000000c133b820,0x00000000c5330000)
 PSPermGen       total 21248K, used 18654K [0x00000000b5a00000, 0x00000000b6ec0000, 0x00000000c0000000)
  object space 21248K, 87% used [0x00000000b5a00000,0x00000000b6c37a08,0x00000000b6ec0000)
GC Heap History (10 events):
Event: 1.284 GC heap before
{Heap before GC invocations=1 (full 0):
 PSYoungGen      total 37248K, used 31936K [0x00000000eaab0000, 0x00000000ed440000, 0x0000000100000000)
  eden space 31936K, 100% used [0x00000000eaab0000,0x00000000ec9e0000,0x00000000ec9e0000)
  from space 5312K, 0% used [0x00000000ecf10000,0x00000000ecf10000,0x00000000ed440000)
  to   space 5312K, 0% used [0x00000000ec9e0000,0x00000000ec9e0000,0x00000000ecf10000)
 ParOldGen       total 85184K, used 0K [0x00000000c0000000, 0x00000000c5330000, 0x00000000eaab0000)
  object space 85184K, 0% used [0x00000000c0000000,0x00000000c0000000,0x00000000c5330000)
 PSPermGen       total 21248K, used 9253K [0x00000000b5a00000, 0x00000000b6ec0000, 0x00000000c0000000)
  object space 21248K, 43% used [0x00000000b5a00000,0x00000000b6309510,0x00000000b6ec0000)
Event: 1.300 GC heap after
Heap after GC invocations=1 (full 0):
 PSYoungGen      total 37248K, used 2553K [0x00000000eaab0000, 0x00000000ef370000, 0x0000000100000000)
  eden space 31936K, 0% used [0x00000000eaab0000,0x00000000eaab0000,0x00000000ec9e0000)
  from space 5312K, 48% used [0x00000000ec9e0000,0x00000000ecc5e758,0x00000000ecf10000)
  to   space 5312K, 0% used [0x00000000eee40000,0x00000000eee40000,0x00000000ef370000)
 ParOldGen       total 85184K, used 8K [0x00000000c0000000, 0x00000000c5330000, 0x00000000eaab0000)
  object space 85184K, 0% used [0x00000000c0000000,0x00000000c0002000,0x00000000c5330000)
 PSPermGen       total 21248K, used 9253K [0x00000000b5a00000, 0x00000000b6ec0000, 0x00000000c0000000)
  object space 21248K, 43% used [0x00000000b5a00000,0x00000000b6309510,0x00000000b6ec0000)
}
Event: 1.337 GC heap before
{Heap before GC invocations=2 (full 0):
 PSYoungGen      total 37248K, used 34489K [0x00000000eaab0000, 0x00000000ef370000, 0x0000000100000000)
  eden space 31936K, 100% used [0x00000000eaab0000,0x00000000ec9e0000,0x00000000ec9e0000)
  from space 5312K, 48% used [0x00000000ec9e0000,0x00000000ecc5e758,0x00000000ecf10000)
  to   space 5312K, 0% used [0x00000000eee40000,0x00000000eee40000,0x00000000ef370000)
 ParOldGen       total 85184K, used 8K [0x00000000c0000000, 0x00000000c5330000, 0x00000000eaab0000)
  object space 85184K, 0% used [0x00000000c0000000,0x00000000c0002000,0x00000000c5330000)
 PSPermGen       total 21248K, used 9253K [0x00000000b5a00000, 0x00000000b6ec0000, 0x00000000c0000000)
  object space 21248K, 43% used [0x00000000b5a00000,0x00000000b6309728,0x00000000b6ec0000)
Event: 1.348 GC heap after
Heap after GC invocations=2 (full 0):
 PSYoungGen      total 69184K, used 3457K [0x00000000eaab0000, 0x00000000ef370000, 0x0000000100000000)
  eden space 63872K, 0% used [0x00000000eaab0000,0x00000000eaab0000,0x00000000ee910000)
  from space 5312K, 65% used [0x00000000eee40000,0x00000000ef1a0558,0x00000000ef370000)
  to   space 5312K, 0% used [0x00000000ee910000,0x00000000ee910000,0x00000000eee40000)
 ParOldGen       total 85184K, used 16K [0x00000000c0000000, 0x00000000c5330000, 0x00000000eaab0000)
  object space 85184K, 0% used [0x00000000c0000000,0x00000000c0004000,0x00000000c5330000)
 PSPermGen       total 21248K, used 9253K [0x00000000b5a00000, 0x00000000b6ec0000, 0x00000000c0000000)
  object space 21248K, 43% used [0x00000000b5a00000,0x00000000b6309728,0x00000000b6ec0000)
}
Event: 1.493 GC heap before
{Heap before GC invocations=3 (full 0):
 PSYoungGen      total 69184K, used 67329K [0x00000000eaab0000, 0x00000000ef370000, 0x0000000100000000)
  eden space 63872K, 100% used [0x00000000eaab0000,0x00000000ee910000,0x00000000ee910000)
  from space 5312K, 65% used [0x00000000eee40000,0x00000000ef1a0558,0x00000000ef370000)
  to   space 5312K, 0% used [0x00000000ee910000,0x00000000ee910000,0x00000000eee40000)
 ParOldGen       total 85184K, used 16K [0x00000000c0000000, 0x00000000c5330000, 0x00000000eaab0000)
  object space 85184K, 0% used [0x00000000c0000000,0x00000000c0004000,0x00000000c5330000)
 PSPermGen       total 21248K, used 9260K [0x00000000b5a00000, 0x00000000b6ec0000, 0x00000000c0000000)
  object space 21248K, 43% used [0x00000000b5a00000,0x00000000b630b008,0x00000000b6ec0000)
Event: 1.502 GC heap after
Heap after GC invocations=3 (full 0):
 PSYoungGen      total 69184K, used 5304K [0x00000000eaab0000, 0x00000000f31d0000, 0x0000000100000000)
  eden space 63872K, 0% used [0x00000000eaab0000,0x00000000eaab0000,0x00000000ee910000)
  from space 5312K, 99% used [0x00000000ee910000,0x00000000eee3e1e0,0x00000000eee40000)
  to   space 5312K, 0% used [0x00000000f2ca0000,0x00000000f2ca0000,0x00000000f31d0000)
 ParOldGen       total 85184K, used 464K [0x00000000c0000000, 0x00000000c5330000, 0x00000000eaab0000)
  object space 85184K, 0% used [0x00000000c0000000,0x00000000c0074000,0x00000000c5330000)
 PSPermGen       total 21248K, used 9260K [0x00000000b5a00000, 0x00000000b6ec0000, 0x00000000c0000000)
  object space 21248K, 43% used [0x00000000b5a00000,0x00000000b630b008,0x00000000b6ec0000)
}
Event: 1.583 GC heap before
{Heap before GC invocations=4 (full 0):
 PSYoungGen      total 69184K, used 69176K [0x00000000eaab0000, 0x00000000f31d0000, 0x0000000100000000)
  eden space 63872K, 100% used [0x00000000eaab0000,0x00000000ee910000,0x00000000ee910000)
  from space 5312K, 99% used [0x00000000ee910000,0x00000000eee3e1e0,0x00000000eee40000)
  to   space 5312K, 0% used [0x00000000f2ca0000,0x00000000f2ca0000,0x00000000f31d0000)
 ParOldGen       total 85184K, used 464K [0x00000000c0000000, 0x00000000c5330000, 0x00000000eaab0000)
  object space 85184K, 0% used [0x00000000c0000000,0x00000000c0074000,0x00000000c5330000)
 PSPermGen       total 21248K, used 9260K [0x00000000b5a00000, 0x00000000b6ec0000, 0x00000000c0000000)
  object space 21248K, 43% used [0x00000000b5a00000,0x00000000b630b2f0,0x00000000b6ec0000)
Event: 1.601 GC heap after
Heap after GC invocations=4 (full 0):
 PSYoungGen      total 133056K, used 5304K [0x00000000eaab0000, 0x00000000f31d0000, 0x0000000100000000)
  eden space 127744K, 0% used [0x00000000eaab0000,0x00000000eaab0000,0x00000000f2770000)
  from space 5312K, 99% used [0x00000000f2ca0000,0x00000000f31ce070,0x00000000f31d0000)
  to   space 5312K, 0% used [0x00000000f2770000,0x00000000f2770000,0x00000000f2ca0000)
 ParOldGen       total 85184K, used 7135K [0x00000000c0000000, 0x00000000c5330000, 0x00000000eaab0000)
  object space 85184K, 8% used [0x00000000c0000000,0x00000000c06f7da8,0x00000000c5330000)
 PSPermGen       total 21248K, used 9260K [0x00000000b5a00000, 0x00000000b6ec0000, 0x00000000c0000000)
  object space 21248K, 43% used [0x00000000b5a00000,0x00000000b630b2f0,0x00000000b6ec0000)
}
Event: 1.763 GC heap before
{Heap before GC invocations=5 (full 0):
 PSYoungGen      total 133056K, used 133048K [0x00000000eaab0000, 0x00000000f31d0000, 0x0000000100000000)
  eden space 127744K, 100% used [0x00000000eaab0000,0x00000000f2770000,0x00000000f2770000)
  from space 5312K, 99% used [0x00000000f2ca0000,0x00000000f31ce070,0x00000000f31d0000)
  to   space 5312K, 0% used [0x00000000f2770000,0x00000000f2770000,0x00000000f2ca0000)
 ParOldGen       total 85184K, used 7135K [0x00000000c0000000, 0x00000000c5330000, 0x00000000eaab0000)
  object space 85184K, 8% used [0x00000000c0000000,0x00000000c06f7da8,0x00000000c5330000)
 PSPermGen       total 21248K, used 9261K [0x00000000b5a00000, 0x00000000b6ec0000, 0x00000000c0000000)
  object space 21248K, 43% used [0x00000000b5a00000,0x00000000b630b6c8,0x00000000b6ec0000)
Event: 1.787 GC heap after
Heap after GC invocations=5 (full 0):
 PSYoungGen      total 133056K, used 5285K [0x00000000eaab0000, 0x00000000fc970000, 0x0000000100000000)
  eden space 127744K, 0% used [0x00000000eaab0000,0x00000000eaab0000,0x00000000f2770000)
  from space 5312K, 99% used [0x00000000f2770000,0x00000000f2c99478,0x00000000f2ca0000)
  to   space 19072K, 0% used [0x00000000fb6d0000,0x00000000fb6d0000,0x00000000fc970000)
 ParOldGen       total 85184K, used 19694K [0x00000000c0000000, 0x00000000c5330000, 0x00000000eaab0000)
  object space 85184K, 23% used [0x00000000c0000000,0x00000000c133b820,0x00000000c5330000)
 PSPermGen       total 21248K, used 9261K [0x00000000b5a00000, 0x00000000b6ec0000, 0x00000000c0000000)
  object space 21248K, 43% used [0x00000000b5a00000,0x00000000b630b6c8,0x00000000b6ec0000)
}

