# JRE version: 7.0_21-b02
# Java VM: OpenJDK 64-Bit Server VM (23.7-b01 mixed mode linux-amd64 compressed oops)
Heap
 PSYoungGen      total 284288K, used 87005K [0x00000000eaab0000, 0x00000000ffd40000, 0x0000000100000000)
  eden space 271552K, 27% used [0x00000000eaab0000,0x00000000ef343110,0x00000000fb3e0000)
  from space 12736K, 99% used [0x00000000fb3e0000,0x00000000fc044660,0x00000000fc050000)
  to   space 37376K, 0% used [0x00000000fd8c0000,0x00000000fd8c0000,0x00000000ffd40000)
 ParOldGen       total 70784K, used 14555K [0x00000000c0000000, 0x00000000c4520000, 0x00000000eaab0000)
  object space 70784K, 20% used [0x00000000c0000000,0x00000000c0e36e50,0x00000000c4520000)
 PSPermGen       total 22272K, used 19284K [0x00000000b5a00000, 0x00000000b6fc0000, 0x00000000c0000000)
  object space 22272K, 86% used [0x00000000b5a00000,0x00000000b6cd5038,0x00000000b6fc0000)
GC Heap History (10 events):
Event: 2.407 GC heap before
{Heap before GC invocations=10 (full 0):
 PSYoungGen      total 269824K, used 269796K [0x00000000eaab0000, 0x0000000100000000, 0x0000000100000000)
  eden space 247296K, 100% used [0x00000000eaab0000,0x00000000f9c30000,0x00000000f9c30000)
  from space 22528K, 99% used [0x00000000f9c30000,0x00000000fb229168,0x00000000fb230000)
  to   space 29888K, 0% used [0x00000000fe2d0000,0x00000000fe2d0000,0x0000000100000000)
 ParOldGen       total 85184K, used 24275K [0x00000000c0000000, 0x00000000c5330000, 0x00000000eaab0000)
  object space 85184K, 28% used [0x00000000c0000000,0x00000000c17b4e98,0x00000000c5330000)
 PSPermGen       total 21248K, used 7676K [0x00000000b5a00000, 0x00000000b6ec0000, 0x00000000c0000000)
  object space 21248K, 36% used [0x00000000b5a00000,0x00000000b617f3d0,0x00000000b6ec0000)
Event: 2.465 GC heap after
Heap after GC invocations=10 (full 0):
 PSYoungGen      total 303360K, used 29860K [0x00000000eaab0000, 0x0000000100000000, 0x0000000100000000)
  eden space 273472K, 0% used [0x00000000eaab0000,0x00000000eaab0000,0x00000000fb5c0000)
  from space 29888K, 99% used [0x00000000fe2d0000,0x00000000ffff9190,0x0000000100000000)
  to   space 38016K, 0% used [0x00000000fb5c0000,0x00000000fb5c0000,0x00000000fdae0000)
 ParOldGen       total 85184K, used 33507K [0x00000000c0000000, 0x00000000c5330000, 0x00000000eaab0000)
  object space 85184K, 39% used [0x00000000c0000000,0x00000000c20b8e98,0x00000000c5330000)
 PSPermGen       total 21248K, used 7676K [0x00000000b5a00000, 0x00000000b6ec0000, 0x00000000c0000000)
  object space 21248K, 36% used [0x00000000b5a00000,0x00000000b617f3d0,0x00000000b6ec0000)
}
Event: 2.721 GC heap before
{Heap before GC invocations=11 (full 0):
 PSYoungGen      total 303360K, used 303332K [0x00000000eaab0000, 0x0000000100000000, 0x0000000100000000)
  eden space 273472K, 100% used [0x00000000eaab0000,0x00000000fb5c0000,0x00000000fb5c0000)
  from space 29888K, 99% used [0x00000000fe2d0000,0x00000000ffff9190,0x0000000100000000)
  to   space 38016K, 0% used [0x00000000fb5c0000,0x00000000fb5c0000,0x00000000fdae0000)
 ParOldGen       total 85184K, used 33507K [0x00000000c0000000, 0x00000000c5330000, 0x00000000eaab0000)
  object space 85184K, 39% used [0x00000000c0000000,0x00000000c20b8e98,0x00000000c5330000)
 PSPermGen       total 21248K, used 7676K [0x00000000b5a00000, 0x00000000b6ec0000, 0x00000000c0000000)
  object space 21248K, 36% used [0x00000000b5a00000,0x00000000b617f3d0,0x00000000b6ec0000)
Event: 2.783 GC heap after
Heap after GC invocations=11 (full 0):
 PSYoungGen      total 296256K, used 22753K [0x00000000eaab0000, 0x0000000100000000, 0x0000000100000000)
  eden space 273472K, 0% used [0x00000000eaab0000,0x00000000eaab0000,0x00000000fb5c0000)
  from space 22784K, 99% used [0x00000000fb5c0000,0x00000000fcbf8458,0x00000000fcc00000)
  to   space 38592K, 0% used [0x00000000fda50000,0x00000000fda50000,0x0000000100000000)
 ParOldGen       total 85184K, used 55764K [0x00000000c0000000, 0x00000000c5330000, 0x00000000eaab0000)
  object space 85184K, 65% used [0x00000000c0000000,0x00000000c3675270,0x00000000c5330000)
 PSPermGen       total 21248K, used 7676K [0x00000000b5a00000, 0x00000000b6ec0000, 0x00000000c0000000)
  object space 21248K, 36% used [0x00000000b5a00000,0x00000000b617f3d0,0x00000000b6ec0000)
}
Event: 3.759 GC heap before
{Heap before GC invocations=12 (full 0):
 PSYoungGen      total 296256K, used 296225K [0x00000000eaab0000, 0x0000000100000000, 0x0000000100000000)
  eden space 273472K, 100% used [0x00000000eaab0000,0x00000000fb5c0000,0x00000000fb5c0000)
  from space 22784K, 99% used [0x00000000fb5c0000,0x00000000fcbf8458,0x00000000fcc00000)
  to   space 38592K, 0% used [0x00000000fda50000,0x00000000fda50000,0x0000000100000000)
 ParOldGen       total 85184K, used 55764K [0x00000000c0000000, 0x00000000c5330000, 0x00000000eaab0000)
  object space 85184K, 65% used [0x00000000c0000000,0x00000000c3675270,0x00000000c5330000)
 PSPermGen       total 21248K, used 10999K [0x00000000b5a00000, 0x00000000b6ec0000, 0x00000000c0000000)
  object space 21248K, 51% used [0x00000000b5a00000,0x00000000b64bde08,0x00000000b6ec0000)
Event: 3.840 GC heap after
Heap after GC invocations=12 (full 0):
 PSYoungGen      total 310144K, used 22910K [0x00000000eaab0000, 0x0000000100000000, 0x0000000100000000)
  eden space 271552K, 0% used [0x00000000eaab0000,0x00000000eaab0000,0x00000000fb3e0000)
  from space 38592K, 59% used [0x00000000fda50000,0x00000000ff0afb50,0x0000000100000000)
  to   space 38976K, 0% used [0x00000000fb3e0000,0x00000000fb3e0000,0x00000000fd9f0000)
 ParOldGen       total 85184K, used 78485K [0x00000000c0000000, 0x00000000c5330000, 0x00000000eaab0000)
  object space 85184K, 92% used [0x00000000c0000000,0x00000000c4ca56c8,0x00000000c5330000)
 PSPermGen       total 21248K, used 10999K [0x00000000b5a00000, 0x00000000b6ec0000, 0x00000000c0000000)
  object space 21248K, 51% used [0x00000000b5a00000,0x00000000b64bde08,0x00000000b6ec0000)
}
Event: 3.840 GC heap before
{Heap before GC invocations=13 (full 1):
 PSYoungGen      total 310144K, used 22910K [0x00000000eaab0000, 0x0000000100000000, 0x0000000100000000)
  eden space 271552K, 0% used [0x00000000eaab0000,0x00000000eaab0000,0x00000000fb3e0000)
  from space 38592K, 59% used [0x00000000fda50000,0x00000000ff0afb50,0x0000000100000000)
  to   space 38976K, 0% used [0x00000000fb3e0000,0x00000000fb3e0000,0x00000000fd9f0000)
 ParOldGen       total 85184K, used 78485K [0x00000000c0000000, 0x00000000c5330000, 0x00000000eaab0000)
  object space 85184K, 92% used [0x00000000c0000000,0x00000000c4ca56c8,0x00000000c5330000)
 PSPermGen       total 21248K, used 10999K [0x00000000b5a00000, 0x00000000b6ec0000, 0x00000000c0000000)
  object space 21248K, 51% used [0x00000000b5a00000,0x00000000b64bde08,0x00000000b6ec0000)
Event: 3.893 GC heap after
Heap after GC invocations=13 (full 1):
 PSYoungGen      total 310144K, used 0K [0x00000000eaab0000, 0x0000000100000000, 0x0000000100000000)
  eden space 271552K, 0% used [0x00000000eaab0000,0x00000000eaab0000,0x00000000fb3e0000)
  from space 38592K, 0% used [0x00000000fda50000,0x00000000fda50000,0x0000000100000000)
  to   space 38976K, 0% used [0x00000000fb3e0000,0x00000000fb3e0000,0x00000000fd9f0000)
 ParOldGen       total 70784K, used 14555K [0x00000000c0000000, 0x00000000c4520000, 0x00000000eaab0000)
  object space 70784K, 20% used [0x00000000c0000000,0x00000000c0e36e50,0x00000000c4520000)
 PSPermGen       total 22272K, used 10996K [0x00000000b5a00000, 0x00000000b6fc0000, 0x00000000c0000000)
  object space 22272K, 49% used [0x00000000b5a00000,0x00000000b64bd268,0x00000000b6fc0000)
}
Event: 4.331 GC heap before
{Heap before GC invocations=14 (full 1):
 PSYoungGen      total 310144K, used 271552K [0x00000000eaab0000, 0x0000000100000000, 0x0000000100000000)
  eden space 271552K, 100% used [0x00000000eaab0000,0x00000000fb3e0000,0x00000000fb3e0000)
  from space 38592K, 0% used [0x00000000fda50000,0x00000000fda50000,0x0000000100000000)
  to   space 38976K, 0% used [0x00000000fb3e0000,0x00000000fb3e0000,0x00000000fd9f0000)
 ParOldGen       total 70784K, used 14555K [0x00000000c0000000, 0x00000000c4520000, 0x00000000eaab0000)
  object space 70784K, 20% used [0x00000000c0000000,0x00000000c0e36e50,0x00000000c4520000)
 PSPermGen       total 22272K, used 12102K [0x00000000b5a00000, 0x00000000b6fc0000, 0x00000000c0000000)
  object space 22272K, 54% used [0x00000000b5a00000,0x00000000b65d1a88,0x00000000b6fc0000)
Event: 4.353 GC heap after
Heap after GC invocations=14 (full 1):
 PSYoungGen      total 284288K, used 12689K [0x00000000eaab0000, 0x00000000ffd40000, 0x0000000100000000)
  eden space 271552K, 0% used [0x00000000eaab0000,0x00000000eaab0000,0x00000000fb3e0000)
  from space 12736K, 99% used [0x00000000fb3e0000,0x00000000fc044660,0x00000000fc050000)
  to   space 37376K, 0% used [0x00000000fd8c0000,0x00000000fd8c0000,0x00000000ffd40000)
 ParOldGen       total 70784K, used 14555K [0x00000000c0000000, 0x00000000c4520000, 0x00000000eaab0000)
  object space 70784K, 20% used [0x00000000c0000000,0x00000000c0e36e50,0x00000000c4520000)
 PSPermGen       total 22272K, used 12102K [0x00000000b5a00000, 0x00000000b6fc0000, 0x00000000c0000000)
  object space 22272K, 54% used [0x00000000b5a00000,0x00000000b65d1a88,0x00000000b6fc0000)
}

