# JRE version: 7.0_21-b02
# Java VM: OpenJDK 64-Bit Server VM (23.7-b01 mixed mode linux-amd64 compressed oops)
Heap
 PSYoungGen      total 139072K, used 36095K [0x00000000eaab0000, 0x00000000fbaf0000, 0x0000000100000000)
  eden space 125248K, 21% used [0x00000000eaab0000,0x00000000ec4e5660,0x00000000f2500000)
  from space 13824K, 66% used [0x00000000f2500000,0x00000000f2e0a648,0x00000000f3280000)
  to   space 14144K, 0% used [0x00000000fad20000,0x00000000fad20000,0x00000000fbaf0000)
 ParOldGen       total 85184K, used 8396K [0x00000000c0000000, 0x00000000c5330000, 0x00000000eaab0000)
  object space 85184K, 9% used [0x00000000c0000000,0x00000000c0833390,0x00000000c5330000)
 PSPermGen       total 21248K, used 18723K [0x00000000b5a00000, 0x00000000b6ec0000, 0x00000000c0000000)
  object space 21248K, 88% used [0x00000000b5a00000,0x00000000b6c48c98,0x00000000b6ec0000)
GC Heap History (10 events):
Event: 1.450 GC heap before
{Heap before GC invocations=3 (full 0):
 PSYoungGen      total 37248K, used 35361K [0x00000000eaab0000, 0x00000000ef370000, 0x0000000100000000)
  eden space 31936K, 100% used [0x00000000eaab0000,0x00000000ec9e0000,0x00000000ec9e0000)
  from space 5312K, 64% used [0x00000000ecf10000,0x00000000ed268558,0x00000000ed440000)
  to   space 5312K, 0% used [0x00000000ec9e0000,0x00000000ec9e0000,0x00000000ecf10000)
 ParOldGen       total 85184K, used 16K [0x00000000c0000000, 0x00000000c5330000, 0x00000000eaab0000)
  object space 85184K, 0% used [0x00000000c0000000,0x00000000c0004000,0x00000000c5330000)
 PSPermGen       total 21248K, used 9252K [0x00000000b5a00000, 0x00000000b6ec0000, 0x00000000c0000000)
  object space 21248K, 43% used [0x00000000b5a00000,0x00000000b6309350,0x00000000b6ec0000)
Event: 1.461 GC heap after
Heap after GC invocations=3 (full 0):
 PSYoungGen      total 37248K, used 4490K [0x00000000eaab0000, 0x00000000ef370000, 0x0000000100000000)
  eden space 31936K, 0% used [0x00000000eaab0000,0x00000000eaab0000,0x00000000ec9e0000)
  from space 5312K, 84% used [0x00000000ec9e0000,0x00000000ece42a68,0x00000000ecf10000)
  to   space 5312K, 0% used [0x00000000eee40000,0x00000000eee40000,0x00000000ef370000)
 ParOldGen       total 85184K, used 16K [0x00000000c0000000, 0x00000000c5330000, 0x00000000eaab0000)
  object space 85184K, 0% used [0x00000000c0000000,0x00000000c0004000,0x00000000c5330000)
 PSPermGen       total 21248K, used 9252K [0x00000000b5a00000, 0x00000000b6ec0000, 0x00000000c0000000)
  object space 21248K, 43% used [0x00000000b5a00000,0x00000000b6309350,0x00000000b6ec0000)
}
Event: 1.561 GC heap before
{Heap before GC invocations=4 (full 0):
 PSYoungGen      total 37248K, used 36426K [0x00000000eaab0000, 0x00000000ef370000, 0x0000000100000000)
  eden space 31936K, 100% used [0x00000000eaab0000,0x00000000ec9e0000,0x00000000ec9e0000)
  from space 5312K, 84% used [0x00000000ec9e0000,0x00000000ece42a68,0x00000000ecf10000)
  to   space 5312K, 0% used [0x00000000eee40000,0x00000000eee40000,0x00000000ef370000)
 ParOldGen       total 85184K, used 16K [0x00000000c0000000, 0x00000000c5330000, 0x00000000eaab0000)
  object space 85184K, 0% used [0x00000000c0000000,0x00000000c0004000,0x00000000c5330000)
 PSPermGen       total 21248K, used 9259K [0x00000000b5a00000, 0x00000000b6ec0000, 0x00000000c0000000)
  object space 21248K, 43% used [0x00000000b5a00000,0x00000000b630ac30,0x00000000b6ec0000)
Event: 1.573 GC heap after
Heap after GC invocations=4 (full 0):
 PSYoungGen      total 69184K, used 5304K [0x00000000eaab0000, 0x00000000ef370000, 0x0000000100000000)
  eden space 63872K, 0% used [0x00000000eaab0000,0x00000000eaab0000,0x00000000ee910000)
  from space 5312K, 99% used [0x00000000eee40000,0x00000000ef36e1c0,0x00000000ef370000)
  to   space 5312K, 0% used [0x00000000ee910000,0x00000000ee910000,0x00000000eee40000)
 ParOldGen       total 85184K, used 496K [0x00000000c0000000, 0x00000000c5330000, 0x00000000eaab0000)
  object space 85184K, 0% used [0x00000000c0000000,0x00000000c007c000,0x00000000c5330000)
 PSPermGen       total 21248K, used 9259K [0x00000000b5a00000, 0x00000000b6ec0000, 0x00000000c0000000)
  object space 21248K, 43% used [0x00000000b5a00000,0x00000000b630ac30,0x00000000b6ec0000)
}
Event: 1.664 GC heap before
{Heap before GC invocations=5 (full 0):
 PSYoungGen      total 69184K, used 69176K [0x00000000eaab0000, 0x00000000ef370000, 0x0000000100000000)
  eden space 63872K, 100% used [0x00000000eaab0000,0x00000000ee910000,0x00000000ee910000)
  from space 5312K, 99% used [0x00000000eee40000,0x00000000ef36e1c0,0x00000000ef370000)
  to   space 5312K, 0% used [0x00000000ee910000,0x00000000ee910000,0x00000000eee40000)
 ParOldGen       total 85184K, used 496K [0x00000000c0000000, 0x00000000c5330000, 0x00000000eaab0000)
  object space 85184K, 0% used [0x00000000c0000000,0x00000000c007c000,0x00000000c5330000)
 PSPermGen       total 21248K, used 9259K [0x00000000b5a00000, 0x00000000b6ec0000, 0x00000000c0000000)
  object space 21248K, 43% used [0x00000000b5a00000,0x00000000b630af18,0x00000000b6ec0000)
Event: 1.681 GC heap after
Heap after GC invocations=5 (full 0):
 PSYoungGen      total 69184K, used 5286K [0x00000000eaab0000, 0x00000000f3d90000, 0x0000000100000000)
  eden space 63872K, 0% used [0x00000000eaab0000,0x00000000eaab0000,0x00000000ee910000)
  from space 5312K, 99% used [0x00000000ee910000,0x00000000eee39808,0x00000000eee40000)
  to   space 11328K, 0% used [0x00000000f3280000,0x00000000f3280000,0x00000000f3d90000)
 ParOldGen       total 85184K, used 7127K [0x00000000c0000000, 0x00000000c5330000, 0x00000000eaab0000)
  object space 85184K, 8% used [0x00000000c0000000,0x00000000c06f5cb8,0x00000000c5330000)
 PSPermGen       total 21248K, used 9259K [0x00000000b5a00000, 0x00000000b6ec0000, 0x00000000c0000000)
  object space 21248K, 43% used [0x00000000b5a00000,0x00000000b630af18,0x00000000b6ec0000)
}
Event: 1.746 GC heap before
{Heap before GC invocations=6 (full 0):
 PSYoungGen      total 69184K, used 69158K [0x00000000eaab0000, 0x00000000f3d90000, 0x0000000100000000)
  eden space 63872K, 100% used [0x00000000eaab0000,0x00000000ee910000,0x00000000ee910000)
  from space 5312K, 99% used [0x00000000ee910000,0x00000000eee39808,0x00000000eee40000)
  to   space 11328K, 0% used [0x00000000f3280000,0x00000000f3280000,0x00000000f3d90000)
 ParOldGen       total 85184K, used 7127K [0x00000000c0000000, 0x00000000c5330000, 0x00000000eaab0000)
  object space 85184K, 8% used [0x00000000c0000000,0x00000000c06f5cb8,0x00000000c5330000)
 PSPermGen       total 21248K, used 9260K [0x00000000b5a00000, 0x00000000b6ec0000, 0x00000000c0000000)
  object space 21248K, 43% used [0x00000000b5a00000,0x00000000b630b140,0x00000000b6ec0000)
Event: 1.759 GC heap after
Heap after GC invocations=6 (full 0):
 PSYoungGen      total 136576K, used 11317K [0x00000000eaab0000, 0x00000000f4270000, 0x0000000100000000)
  eden space 125248K, 0% used [0x00000000eaab0000,0x00000000eaab0000,0x00000000f2500000)
  from space 11328K, 99% used [0x00000000f3280000,0x00000000f3d8d658,0x00000000f3d90000)
  to   space 13824K, 0% used [0x00000000f2500000,0x00000000f2500000,0x00000000f3280000)
 ParOldGen       total 85184K, used 7423K [0x00000000c0000000, 0x00000000c5330000, 0x00000000eaab0000)
  object space 85184K, 8% used [0x00000000c0000000,0x00000000c073fcb8,0x00000000c5330000)
 PSPermGen       total 21248K, used 9260K [0x00000000b5a00000, 0x00000000b6ec0000, 0x00000000c0000000)
  object space 21248K, 43% used [0x00000000b5a00000,0x00000000b630b140,0x00000000b6ec0000)
}
Event: 2.293 GC heap before
{Heap before GC invocations=7 (full 0):
 PSYoungGen      total 136576K, used 136565K [0x00000000eaab0000, 0x00000000f4270000, 0x0000000100000000)
  eden space 125248K, 100% used [0x00000000eaab0000,0x00000000f2500000,0x00000000f2500000)
  from space 11328K, 99% used [0x00000000f3280000,0x00000000f3d8d658,0x00000000f3d90000)
  to   space 13824K, 0% used [0x00000000f2500000,0x00000000f2500000,0x00000000f3280000)
 ParOldGen       total 85184K, used 7423K [0x00000000c0000000, 0x00000000c5330000, 0x00000000eaab0000)
  object space 85184K, 8% used [0x00000000c0000000,0x00000000c073fcb8,0x00000000c5330000)
 PSPermGen       total 21248K, used 16504K [0x00000000b5a00000, 0x00000000b6ec0000, 0x00000000c0000000)
  object space 21248K, 77% used [0x00000000b5a00000,0x00000000b6a1e018,0x00000000b6ec0000)
Event: 2.313 GC heap after
Heap after GC invocations=7 (full 0):
 PSYoungGen      total 139072K, used 9257K [0x00000000eaab0000, 0x00000000fbaf0000, 0x0000000100000000)
  eden space 125248K, 0% used [0x00000000eaab0000,0x00000000eaab0000,0x00000000f2500000)
  from space 13824K, 66% used [0x00000000f2500000,0x00000000f2e0a648,0x00000000f3280000)
  to   space 14144K, 0% used [0x00000000fad20000,0x00000000fad20000,0x00000000fbaf0000)
 ParOldGen       total 85184K, used 8396K [0x00000000c0000000, 0x00000000c5330000, 0x00000000eaab0000)
  object space 85184K, 9% used [0x00000000c0000000,0x00000000c0833390,0x00000000c5330000)
 PSPermGen       total 21248K, used 16504K [0x00000000b5a00000, 0x00000000b6ec0000, 0x00000000c0000000)
  object space 21248K, 77% used [0x00000000b5a00000,0x00000000b6a1e018,0x00000000b6ec0000)
}

