# JRE version: 7.0_21-b02
# Java VM: OpenJDK 64-Bit Server VM (23.7-b01 mixed mode linux-amd64 compressed oops)
Heap
 PSYoungGen      total 139072K, used 33871K [0x00000000eaab0000, 0x00000000fbad0000, 0x0000000100000000)
  eden space 125120K, 19% used [0x00000000eaab0000,0x00000000ec2c7430,0x00000000f24e0000)
  from space 13952K, 65% used [0x00000000f24e0000,0x00000000f2ddc828,0x00000000f3280000)
  to   space 14208K, 0% used [0x00000000facf0000,0x00000000facf0000,0x00000000fbad0000)
 ParOldGen       total 85184K, used 8604K [0x00000000c0000000, 0x00000000c5330000, 0x00000000eaab0000)
  object space 85184K, 10% used [0x00000000c0000000,0x00000000c08672a0,0x00000000c5330000)
 PSPermGen       total 21248K, used 18647K [0x00000000b5a00000, 0x00000000b6ec0000, 0x00000000c0000000)
  object space 21248K, 87% used [0x00000000b5a00000,0x00000000b6c35cd8,0x00000000b6ec0000)
GC Heap History (10 events):
Event: 1.386 GC heap before
{Heap before GC invocations=3 (full 0):
 PSYoungGen      total 37248K, used 35361K [0x00000000eaab0000, 0x00000000ef370000, 0x0000000100000000)
  eden space 31936K, 100% used [0x00000000eaab0000,0x00000000ec9e0000,0x00000000ec9e0000)
  from space 5312K, 64% used [0x00000000ecf10000,0x00000000ed268558,0x00000000ed440000)
  to   space 5312K, 0% used [0x00000000ec9e0000,0x00000000ec9e0000,0x00000000ecf10000)
 ParOldGen       total 85184K, used 16K [0x00000000c0000000, 0x00000000c5330000, 0x00000000eaab0000)
  object space 85184K, 0% used [0x00000000c0000000,0x00000000c0004000,0x00000000c5330000)
 PSPermGen       total 21248K, used 9253K [0x00000000b5a00000, 0x00000000b6ec0000, 0x00000000c0000000)
  object space 21248K, 43% used [0x00000000b5a00000,0x00000000b6309728,0x00000000b6ec0000)
Event: 1.393 GC heap after
Heap after GC invocations=3 (full 0):
 PSYoungGen      total 37248K, used 4490K [0x00000000eaab0000, 0x00000000ef370000, 0x0000000100000000)
  eden space 31936K, 0% used [0x00000000eaab0000,0x00000000eaab0000,0x00000000ec9e0000)
  from space 5312K, 84% used [0x00000000ec9e0000,0x00000000ece42a68,0x00000000ecf10000)
  to   space 5312K, 0% used [0x00000000eee40000,0x00000000eee40000,0x00000000ef370000)
 ParOldGen       total 85184K, used 24K [0x00000000c0000000, 0x00000000c5330000, 0x00000000eaab0000)
  object space 85184K, 0% used [0x00000000c0000000,0x00000000c0006000,0x00000000c5330000)
 PSPermGen       total 21248K, used 9253K [0x00000000b5a00000, 0x00000000b6ec0000, 0x00000000c0000000)
  object space 21248K, 43% used [0x00000000b5a00000,0x00000000b6309728,0x00000000b6ec0000)
}
Event: 1.474 GC heap before
{Heap before GC invocations=4 (full 0):
 PSYoungGen      total 37248K, used 36426K [0x00000000eaab0000, 0x00000000ef370000, 0x0000000100000000)
  eden space 31936K, 100% used [0x00000000eaab0000,0x00000000ec9e0000,0x00000000ec9e0000)
  from space 5312K, 84% used [0x00000000ec9e0000,0x00000000ece42a68,0x00000000ecf10000)
  to   space 5312K, 0% used [0x00000000eee40000,0x00000000eee40000,0x00000000ef370000)
 ParOldGen       total 85184K, used 24K [0x00000000c0000000, 0x00000000c5330000, 0x00000000eaab0000)
  object space 85184K, 0% used [0x00000000c0000000,0x00000000c0006000,0x00000000c5330000)
 PSPermGen       total 21248K, used 9260K [0x00000000b5a00000, 0x00000000b6ec0000, 0x00000000c0000000)
  object space 21248K, 43% used [0x00000000b5a00000,0x00000000b630b008,0x00000000b6ec0000)
Event: 1.484 GC heap after
Heap after GC invocations=4 (full 0):
 PSYoungGen      total 69184K, used 5304K [0x00000000eaab0000, 0x00000000ef370000, 0x0000000100000000)
  eden space 63872K, 0% used [0x00000000eaab0000,0x00000000eaab0000,0x00000000ee910000)
  from space 5312K, 99% used [0x00000000eee40000,0x00000000ef36e1e0,0x00000000ef370000)
  to   space 5312K, 0% used [0x00000000ee910000,0x00000000ee910000,0x00000000eee40000)
 ParOldGen       total 85184K, used 472K [0x00000000c0000000, 0x00000000c5330000, 0x00000000eaab0000)
  object space 85184K, 0% used [0x00000000c0000000,0x00000000c0076000,0x00000000c5330000)
 PSPermGen       total 21248K, used 9260K [0x00000000b5a00000, 0x00000000b6ec0000, 0x00000000c0000000)
  object space 21248K, 43% used [0x00000000b5a00000,0x00000000b630b008,0x00000000b6ec0000)
}
Event: 1.567 GC heap before
{Heap before GC invocations=5 (full 0):
 PSYoungGen      total 69184K, used 69176K [0x00000000eaab0000, 0x00000000ef370000, 0x0000000100000000)
  eden space 63872K, 100% used [0x00000000eaab0000,0x00000000ee910000,0x00000000ee910000)
  from space 5312K, 99% used [0x00000000eee40000,0x00000000ef36e1e0,0x00000000ef370000)
  to   space 5312K, 0% used [0x00000000ee910000,0x00000000ee910000,0x00000000eee40000)
 ParOldGen       total 85184K, used 472K [0x00000000c0000000, 0x00000000c5330000, 0x00000000eaab0000)
  object space 85184K, 0% used [0x00000000c0000000,0x00000000c0076000,0x00000000c5330000)
 PSPermGen       total 21248K, used 9260K [0x00000000b5a00000, 0x00000000b6ec0000, 0x00000000c0000000)
  object space 21248K, 43% used [0x00000000b5a00000,0x00000000b630b2f0,0x00000000b6ec0000)
Event: 1.587 GC heap after
Heap after GC invocations=5 (full 0):
 PSYoungGen      total 69184K, used 5308K [0x00000000eaab0000, 0x00000000f3d90000, 0x0000000100000000)
  eden space 63872K, 0% used [0x00000000eaab0000,0x00000000eaab0000,0x00000000ee910000)
  from space 5312K, 99% used [0x00000000ee910000,0x00000000eee3f2f8,0x00000000eee40000)
  to   space 11328K, 0% used [0x00000000f3280000,0x00000000f3280000,0x00000000f3d90000)
 ParOldGen       total 85184K, used 7104K [0x00000000c0000000, 0x00000000c5330000, 0x00000000eaab0000)
  object space 85184K, 8% used [0x00000000c0000000,0x00000000c06f01d8,0x00000000c5330000)
 PSPermGen       total 21248K, used 9260K [0x00000000b5a00000, 0x00000000b6ec0000, 0x00000000c0000000)
  object space 21248K, 43% used [0x00000000b5a00000,0x00000000b630b2f0,0x00000000b6ec0000)
}
Event: 1.646 GC heap before
{Heap before GC invocations=6 (full 0):
 PSYoungGen      total 69184K, used 69180K [0x00000000eaab0000, 0x00000000f3d90000, 0x0000000100000000)
  eden space 63872K, 100% used [0x00000000eaab0000,0x00000000ee910000,0x00000000ee910000)
  from space 5312K, 99% used [0x00000000ee910000,0x00000000eee3f2f8,0x00000000eee40000)
  to   space 11328K, 0% used [0x00000000f3280000,0x00000000f3280000,0x00000000f3d90000)
 ParOldGen       total 85184K, used 7104K [0x00000000c0000000, 0x00000000c5330000, 0x00000000eaab0000)
  object space 85184K, 8% used [0x00000000c0000000,0x00000000c06f01d8,0x00000000c5330000)
 PSPermGen       total 21248K, used 9261K [0x00000000b5a00000, 0x00000000b6ec0000, 0x00000000c0000000)
  object space 21248K, 43% used [0x00000000b5a00000,0x00000000b630b518,0x00000000b6ec0000)
Event: 1.657 GC heap after
Heap after GC invocations=6 (full 0):
 PSYoungGen      total 136448K, used 11317K [0x00000000eaab0000, 0x00000000f42b0000, 0x0000000100000000)
  eden space 125120K, 0% used [0x00000000eaab0000,0x00000000eaab0000,0x00000000f24e0000)
  from space 11328K, 99% used [0x00000000f3280000,0x00000000f3d8d658,0x00000000f3d90000)
  to   space 13952K, 0% used [0x00000000f24e0000,0x00000000f24e0000,0x00000000f3280000)
 ParOldGen       total 85184K, used 7616K [0x00000000c0000000, 0x00000000c5330000, 0x00000000eaab0000)
  object space 85184K, 8% used [0x00000000c0000000,0x00000000c07701d8,0x00000000c5330000)
 PSPermGen       total 21248K, used 9261K [0x00000000b5a00000, 0x00000000b6ec0000, 0x00000000c0000000)
  object space 21248K, 43% used [0x00000000b5a00000,0x00000000b630b518,0x00000000b6ec0000)
}
Event: 2.238 GC heap before
{Heap before GC invocations=7 (full 0):
 PSYoungGen      total 136448K, used 136437K [0x00000000eaab0000, 0x00000000f42b0000, 0x0000000100000000)
  eden space 125120K, 100% used [0x00000000eaab0000,0x00000000f24e0000,0x00000000f24e0000)
  from space 11328K, 99% used [0x00000000f3280000,0x00000000f3d8d658,0x00000000f3d90000)
  to   space 13952K, 0% used [0x00000000f24e0000,0x00000000f24e0000,0x00000000f3280000)
 ParOldGen       total 85184K, used 7616K [0x00000000c0000000, 0x00000000c5330000, 0x00000000eaab0000)
  object space 85184K, 8% used [0x00000000c0000000,0x00000000c0770210,0x00000000c5330000)
 PSPermGen       total 21248K, used 16693K [0x00000000b5a00000, 0x00000000b6ec0000, 0x00000000c0000000)
  object space 21248K, 78% used [0x00000000b5a00000,0x00000000b6a4d5b0,0x00000000b6ec0000)
Event: 2.255 GC heap after
Heap after GC invocations=7 (full 0):
 PSYoungGen      total 139072K, used 9202K [0x00000000eaab0000, 0x00000000fbad0000, 0x0000000100000000)
  eden space 125120K, 0% used [0x00000000eaab0000,0x00000000eaab0000,0x00000000f24e0000)
  from space 13952K, 65% used [0x00000000f24e0000,0x00000000f2ddc828,0x00000000f3280000)
  to   space 14208K, 0% used [0x00000000facf0000,0x00000000facf0000,0x00000000fbad0000)
 ParOldGen       total 85184K, used 8604K [0x00000000c0000000, 0x00000000c5330000, 0x00000000eaab0000)
  object space 85184K, 10% used [0x00000000c0000000,0x00000000c08672a0,0x00000000c5330000)
 PSPermGen       total 21248K, used 16693K [0x00000000b5a00000, 0x00000000b6ec0000, 0x00000000c0000000)
  object space 21248K, 78% used [0x00000000b5a00000,0x00000000b6a4d5b0,0x00000000b6ec0000)
}

