# JRE version: 7.0_21-b02
# Java VM: OpenJDK 64-Bit Server VM (23.7-b01 mixed mode linux-amd64 compressed oops)
Heap
 PSYoungGen      total 315200K, used 191568K [0x00000000eaab0000, 0x00000000fffb0000, 0x0000000100000000)
  eden space 284288K, 66% used [0x00000000eaab0000,0x00000000f62982d0,0x00000000fc050000)
  from space 30912K, 10% used [0x00000000fc050000,0x00000000fc37c0b0,0x00000000fde80000)
  to   space 29632K, 0% used [0x00000000fe2c0000,0x00000000fe2c0000,0x00000000fffb0000)
 ParOldGen       total 157184K, used 92141K [0x00000000c0000000, 0x00000000c9980000, 0x00000000eaab0000)
  object space 157184K, 58% used [0x00000000c0000000,0x00000000c59fb618,0x00000000c9980000)
 PSPermGen       total 21248K, used 19763K [0x00000000b5a00000, 0x00000000b6ec0000, 0x00000000c0000000)
  object space 21248K, 93% used [0x00000000b5a00000,0x00000000b6d4cda8,0x00000000b6ec0000)
GC Heap History (10 events):
Event: 7.545 GC heap before
{Heap before GC invocations=18 (full 1):
 PSYoungGen      total 306624K, used 280580K [0x00000000eaab0000, 0x00000000ffbb0000, 0x0000000100000000)
  eden space 273792K, 100% used [0x00000000eaab0000,0x00000000fb610000,0x00000000fb610000)
  from space 32832K, 20% used [0x00000000fdba0000,0x00000000fe241390,0x00000000ffbb0000)
  to   space 35648K, 0% used [0x00000000fb610000,0x00000000fb610000,0x00000000fd8e0000)
 ParOldGen       total 157184K, used 92109K [0x00000000c0000000, 0x00000000c9980000, 0x00000000eaab0000)
  object space 157184K, 58% used [0x00000000c0000000,0x00000000c59f3618,0x00000000c9980000)
 PSPermGen       total 21248K, used 17877K [0x00000000b5a00000, 0x00000000b6ec0000, 0x00000000c0000000)
  object space 21248K, 84% used [0x00000000b5a00000,0x00000000b6b75690,0x00000000b6ec0000)
Event: 7.558 GC heap after
Heap after GC invocations=18 (full 1):
 PSYoungGen      total 309440K, used 5856K [0x00000000eaab0000, 0x00000000fffe0000, 0x0000000100000000)
  eden space 273792K, 0% used [0x00000000eaab0000,0x00000000eaab0000,0x00000000fb610000)
  from space 35648K, 16% used [0x00000000fb610000,0x00000000fbbc80d0,0x00000000fd8e0000)
  to   space 34176K, 0% used [0x00000000fde80000,0x00000000fde80000,0x00000000fffe0000)
 ParOldGen       total 157184K, used 92117K [0x00000000c0000000, 0x00000000c9980000, 0x00000000eaab0000)
  object space 157184K, 58% used [0x00000000c0000000,0x00000000c59f5618,0x00000000c9980000)
 PSPermGen       total 21248K, used 17877K [0x00000000b5a00000, 0x00000000b6ec0000, 0x00000000c0000000)
  object space 21248K, 84% used [0x00000000b5a00000,0x00000000b6b75690,0x00000000b6ec0000)
}
Event: 8.333 GC heap before
{Heap before GC invocations=19 (full 1):
 PSYoungGen      total 309440K, used 279648K [0x00000000eaab0000, 0x00000000fffe0000, 0x0000000100000000)
  eden space 273792K, 100% used [0x00000000eaab0000,0x00000000fb610000,0x00000000fb610000)
  from space 35648K, 16% used [0x00000000fb610000,0x00000000fbbc80d0,0x00000000fd8e0000)
  to   space 34176K, 0% used [0x00000000fde80000,0x00000000fde80000,0x00000000fffe0000)
 ParOldGen       total 157184K, used 92117K [0x00000000c0000000, 0x00000000c9980000, 0x00000000eaab0000)
  object space 157184K, 58% used [0x00000000c0000000,0x00000000c59f5618,0x00000000c9980000)
 PSPermGen       total 21248K, used 19298K [0x00000000b5a00000, 0x00000000b6ec0000, 0x00000000c0000000)
  object space 21248K, 90% used [0x00000000b5a00000,0x00000000b6cd8ac0,0x00000000b6ec0000)
Event: 8.340 GC heap after
Heap after GC invocations=19 (full 1):
 PSYoungGen      total 310464K, used 3233K [0x00000000eaab0000, 0x00000000ffc90000, 0x0000000100000000)
  eden space 279680K, 0% used [0x00000000eaab0000,0x00000000eaab0000,0x00000000fbbd0000)
  from space 30784K, 10% used [0x00000000fde80000,0x00000000fe1a86b0,0x00000000ffc90000)
  to   space 33152K, 0% used [0x00000000fbbd0000,0x00000000fbbd0000,0x00000000fdc30000)
 ParOldGen       total 157184K, used 92125K [0x00000000c0000000, 0x00000000c9980000, 0x00000000eaab0000)
  object space 157184K, 58% used [0x00000000c0000000,0x00000000c59f7618,0x00000000c9980000)
 PSPermGen       total 21248K, used 19298K [0x00000000b5a00000, 0x00000000b6ec0000, 0x00000000c0000000)
  object space 21248K, 90% used [0x00000000b5a00000,0x00000000b6cd8ac0,0x00000000b6ec0000)
}
Event: 9.175 GC heap before
{Heap before GC invocations=20 (full 1):
 PSYoungGen      total 310464K, used 282913K [0x00000000eaab0000, 0x00000000ffc90000, 0x0000000100000000)
  eden space 279680K, 100% used [0x00000000eaab0000,0x00000000fbbd0000,0x00000000fbbd0000)
  from space 30784K, 10% used [0x00000000fde80000,0x00000000fe1a86b0,0x00000000ffc90000)
  to   space 33152K, 0% used [0x00000000fbbd0000,0x00000000fbbd0000,0x00000000fdc30000)
 ParOldGen       total 157184K, used 92125K [0x00000000c0000000, 0x00000000c9980000, 0x00000000eaab0000)
  object space 157184K, 58% used [0x00000000c0000000,0x00000000c59f7618,0x00000000c9980000)
 PSPermGen       total 21248K, used 19388K [0x00000000b5a00000, 0x00000000b6ec0000, 0x00000000c0000000)
  object space 21248K, 91% used [0x00000000b5a00000,0x00000000b6cef140,0x00000000b6ec0000)
Event: 9.183 GC heap after
Heap after GC invocations=20 (full 1):
 PSYoungGen      total 312832K, used 3056K [0x00000000eaab0000, 0x0000000100000000, 0x0000000100000000)
  eden space 279680K, 0% used [0x00000000eaab0000,0x00000000eaab0000,0x00000000fbbd0000)
  from space 33152K, 9% used [0x00000000fbbd0000,0x00000000fbecc0a0,0x00000000fdc30000)
  to   space 32064K, 0% used [0x00000000fe0b0000,0x00000000fe0b0000,0x0000000100000000)
 ParOldGen       total 157184K, used 92133K [0x00000000c0000000, 0x00000000c9980000, 0x00000000eaab0000)
  object space 157184K, 58% used [0x00000000c0000000,0x00000000c59f9618,0x00000000c9980000)
 PSPermGen       total 21248K, used 19388K [0x00000000b5a00000, 0x00000000b6ec0000, 0x00000000c0000000)
  object space 21248K, 91% used [0x00000000b5a00000,0x00000000b6cef140,0x00000000b6ec0000)
}
Event: 9.987 GC heap before
{Heap before GC invocations=21 (full 1):
 PSYoungGen      total 312832K, used 282736K [0x00000000eaab0000, 0x0000000100000000, 0x0000000100000000)
  eden space 279680K, 100% used [0x00000000eaab0000,0x00000000fbbd0000,0x00000000fbbd0000)
  from space 33152K, 9% used [0x00000000fbbd0000,0x00000000fbecc0a0,0x00000000fdc30000)
  to   space 32064K, 0% used [0x00000000fe0b0000,0x00000000fe0b0000,0x0000000100000000)
 ParOldGen       total 157184K, used 92133K [0x00000000c0000000, 0x00000000c9980000, 0x00000000eaab0000)
  object space 157184K, 58% used [0x00000000c0000000,0x00000000c59f9618,0x00000000c9980000)
 PSPermGen       total 21248K, used 19610K [0x00000000b5a00000, 0x00000000b6ec0000, 0x00000000c0000000)
  object space 21248K, 92% used [0x00000000b5a00000,0x00000000b6d26bb0,0x00000000b6ec0000)
Event: 10.002 GC heap after
Heap after GC invocations=21 (full 1):
 PSYoungGen      total 312960K, used 3200K [0x00000000eaab0000, 0x00000000ffcb0000, 0x0000000100000000)
  eden space 284288K, 0% used [0x00000000eaab0000,0x00000000eaab0000,0x00000000fc050000)
  from space 28672K, 11% used [0x00000000fe0b0000,0x00000000fe3d0080,0x00000000ffcb0000)
  to   space 30912K, 0% used [0x00000000fc050000,0x00000000fc050000,0x00000000fde80000)
 ParOldGen       total 157184K, used 92133K [0x00000000c0000000, 0x00000000c9980000, 0x00000000eaab0000)
  object space 157184K, 58% used [0x00000000c0000000,0x00000000c59f9618,0x00000000c9980000)
 PSPermGen       total 21248K, used 19610K [0x00000000b5a00000, 0x00000000b6ec0000, 0x00000000c0000000)
  object space 21248K, 92% used [0x00000000b5a00000,0x00000000b6d26bb0,0x00000000b6ec0000)
}
Event: 10.767 GC heap before
{Heap before GC invocations=22 (full 1):
 PSYoungGen      total 312960K, used 287488K [0x00000000eaab0000, 0x00000000ffcb0000, 0x0000000100000000)
  eden space 284288K, 100% used [0x00000000eaab0000,0x00000000fc050000,0x00000000fc050000)
  from space 28672K, 11% used [0x00000000fe0b0000,0x00000000fe3d0080,0x00000000ffcb0000)
  to   space 30912K, 0% used [0x00000000fc050000,0x00000000fc050000,0x00000000fde80000)
 ParOldGen       total 157184K, used 92133K [0x00000000c0000000, 0x00000000c9980000, 0x00000000eaab0000)
  object space 157184K, 58% used [0x00000000c0000000,0x00000000c59f9618,0x00000000c9980000)
 PSPermGen       total 21248K, used 19705K [0x00000000b5a00000, 0x00000000b6ec0000, 0x00000000c0000000)
  object space 21248K, 92% used [0x00000000b5a00000,0x00000000b6d3e5a0,0x00000000b6ec0000)
Event: 10.778 GC heap after
Heap after GC invocations=22 (full 1):
 PSYoungGen      total 315200K, used 3248K [0x00000000eaab0000, 0x00000000fffb0000, 0x0000000100000000)
  eden space 284288K, 0% used [0x00000000eaab0000,0x00000000eaab0000,0x00000000fc050000)
  from space 30912K, 10% used [0x00000000fc050000,0x00000000fc37c0b0,0x00000000fde80000)
  to   space 29632K, 0% used [0x00000000fe2c0000,0x00000000fe2c0000,0x00000000fffb0000)
 ParOldGen       total 157184K, used 92141K [0x00000000c0000000, 0x00000000c9980000, 0x00000000eaab0000)
  object space 157184K, 58% used [0x00000000c0000000,0x00000000c59fb618,0x00000000c9980000)
 PSPermGen       total 21248K, used 19705K [0x00000000b5a00000, 0x00000000b6ec0000, 0x00000000c0000000)
  object space 21248K, 92% used [0x00000000b5a00000,0x00000000b6d3e5a0,0x00000000b6ec0000)
}

