# JRE version: 7.0_21-b02
# Java VM: OpenJDK 64-Bit Server VM (23.7-b01 mixed mode linux-amd64 compressed oops)
Heap
 PSYoungGen      total 133312K, used 32674K [0x00000000eaab0000, 0x00000000f94f0000, 0x0000000100000000)
  eden space 102784K, 2% used [0x00000000eaab0000,0x00000000eacc8c00,0x00000000f0f10000)
  from space 30528K, 99% used [0x00000000f0f10000,0x00000000f2cdfd60,0x00000000f2ce0000)
  to   space 39616K, 0% used [0x00000000f6e40000,0x00000000f6e40000,0x00000000f94f0000)
 ParOldGen       total 207424K, used 172822K [0x00000000c0000000, 0x00000000cca90000, 0x00000000eaab0000)
  object space 207424K, 83% used [0x00000000c0000000,0x00000000ca8c59f8,0x00000000cca90000)
 PSPermGen       total 21248K, used 18608K [0x00000000b5a00000, 0x00000000b6ec0000, 0x00000000c0000000)
  object space 21248K, 87% used [0x00000000b5a00000,0x00000000b6c2c208,0x00000000b6ec0000)
GC Heap History (10 events):
Event: 2.142 GC heap before
{Heap before GC invocations=4 (full 1):
 PSYoungGen      total 41856K, used 41840K [0x00000000eaab0000, 0x00000000ef370000, 0x0000000100000000)
  eden space 36544K, 100% used [0x00000000eaab0000,0x00000000ece60000,0x00000000ece60000)
  from space 5312K, 99% used [0x00000000eee40000,0x00000000ef36c010,0x00000000ef370000)
  to   space 5312K, 0% used [0x00000000ee910000,0x00000000ee910000,0x00000000eee40000)
 ParOldGen       total 207424K, used 142975K [0x00000000c0000000, 0x00000000cca90000, 0x00000000eaab0000)
  object space 207424K, 68% used [0x00000000c0000000,0x00000000c8b9fc50,0x00000000cca90000)
 PSPermGen       total 21248K, used 7477K [0x00000000b5a00000, 0x00000000b6ec0000, 0x00000000c0000000)
  object space 21248K, 35% used [0x00000000b5a00000,0x00000000b614d610,0x00000000b6ec0000)
Event: 2.196 GC heap after
Heap after GC invocations=4 (full 1):
 PSYoungGen      total 57920K, used 5296K [0x00000000eaab0000, 0x00000000eee50000, 0x0000000100000000)
  eden space 52608K, 0% used [0x00000000eaab0000,0x00000000eaab0000,0x00000000ede10000)
  from space 5312K, 99% used [0x00000000ee910000,0x00000000eee3c010,0x00000000eee40000)
  to   space 64K, 0% used [0x00000000eee40000,0x00000000eee40000,0x00000000eee50000)
 ParOldGen       total 207424K, used 148239K [0x00000000c0000000, 0x00000000cca90000, 0x00000000eaab0000)
  object space 207424K, 71% used [0x00000000c0000000,0x00000000c90c3c50,0x00000000cca90000)
 PSPermGen       total 21248K, used 7477K [0x00000000b5a00000, 0x00000000b6ec0000, 0x00000000c0000000)
  object space 21248K, 35% used [0x00000000b5a00000,0x00000000b614d610,0x00000000b6ec0000)
}
Event: 2.287 GC heap before
{Heap before GC invocations=5 (full 1):
 PSYoungGen      total 57920K, used 57904K [0x00000000eaab0000, 0x00000000eee50000, 0x0000000100000000)
  eden space 52608K, 100% used [0x00000000eaab0000,0x00000000ede10000,0x00000000ede10000)
  from space 5312K, 99% used [0x00000000ee910000,0x00000000eee3c010,0x00000000eee40000)
  to   space 64K, 0% used [0x00000000eee40000,0x00000000eee40000,0x00000000eee50000)
 ParOldGen       total 207424K, used 148239K [0x00000000c0000000, 0x00000000cca90000, 0x00000000eaab0000)
  object space 207424K, 71% used [0x00000000c0000000,0x00000000c90c3c50,0x00000000cca90000)
 PSPermGen       total 21248K, used 7477K [0x00000000b5a00000, 0x00000000b6ec0000, 0x00000000c0000000)
  object space 21248K, 35% used [0x00000000b5a00000,0x00000000b614d610,0x00000000b6ec0000)
Event: 2.368 GC heap after
Heap after GC invocations=5 (full 1):
 PSYoungGen      total 63936K, used 64K [0x00000000eaab0000, 0x00000000f0340000, 0x0000000100000000)
  eden space 63872K, 0% used [0x00000000eaab0000,0x00000000eaab0000,0x00000000ee910000)
  from space 64K, 100% used [0x00000000eee40000,0x00000000eee50000,0x00000000eee50000)
  to   space 5312K, 0% used [0x00000000ee910000,0x00000000ee910000,0x00000000eee40000)
 ParOldGen       total 207424K, used 160991K [0x00000000c0000000, 0x00000000cca90000, 0x00000000eaab0000)
  object space 207424K, 77% used [0x00000000c0000000,0x00000000c9d37d68,0x00000000cca90000)
 PSPermGen       total 21248K, used 7477K [0x00000000b5a00000, 0x00000000b6ec0000, 0x00000000c0000000)
  object space 21248K, 35% used [0x00000000b5a00000,0x00000000b614d610,0x00000000b6ec0000)
}
Event: 2.468 GC heap before
{Heap before GC invocations=6 (full 1):
 PSYoungGen      total 63936K, used 63936K [0x00000000eaab0000, 0x00000000f0340000, 0x0000000100000000)
  eden space 63872K, 100% used [0x00000000eaab0000,0x00000000ee910000,0x00000000ee910000)
  from space 64K, 100% used [0x00000000eee40000,0x00000000eee50000,0x00000000eee50000)
  to   space 5312K, 0% used [0x00000000ee910000,0x00000000ee910000,0x00000000eee40000)
 ParOldGen       total 207424K, used 160991K [0x00000000c0000000, 0x00000000cca90000, 0x00000000eaab0000)
  object space 207424K, 77% used [0x00000000c0000000,0x00000000c9d37d68,0x00000000cca90000)
 PSPermGen       total 21248K, used 7477K [0x00000000b5a00000, 0x00000000b6ec0000, 0x00000000c0000000)
  object space 21248K, 35% used [0x00000000b5a00000,0x00000000b614d610,0x00000000b6ec0000)
Event: 2.572 GC heap after
Heap after GC invocations=6 (full 1):
 PSYoungGen      total 69184K, used 5312K [0x00000000eaab0000, 0x00000000f4ca0000, 0x0000000100000000)
  eden space 63872K, 0% used [0x00000000eaab0000,0x00000000eaab0000,0x00000000ee910000)
  from space 5312K, 100% used [0x00000000ee910000,0x00000000eee40000,0x00000000eee40000)
  to   space 32512K, 0% used [0x00000000f2ce0000,0x00000000f2ce0000,0x00000000f4ca0000)
 ParOldGen       total 207424K, used 164807K [0x00000000c0000000, 0x00000000cca90000, 0x00000000eaab0000)
  object space 207424K, 79% used [0x00000000c0000000,0x00000000ca0f1d68,0x00000000cca90000)
 PSPermGen       total 21248K, used 7477K [0x00000000b5a00000, 0x00000000b6ec0000, 0x00000000c0000000)
  object space 21248K, 35% used [0x00000000b5a00000,0x00000000b614d610,0x00000000b6ec0000)
}
Event: 2.664 GC heap before
{Heap before GC invocations=7 (full 1):
 PSYoungGen      total 69184K, used 69184K [0x00000000eaab0000, 0x00000000f4ca0000, 0x0000000100000000)
  eden space 63872K, 100% used [0x00000000eaab0000,0x00000000ee910000,0x00000000ee910000)
  from space 5312K, 100% used [0x00000000ee910000,0x00000000eee40000,0x00000000eee40000)
  to   space 32512K, 0% used [0x00000000f2ce0000,0x00000000f2ce0000,0x00000000f4ca0000)
 ParOldGen       total 207424K, used 164807K [0x00000000c0000000, 0x00000000cca90000, 0x00000000eaab0000)
  object space 207424K, 79% used [0x00000000c0000000,0x00000000ca0f1d68,0x00000000cca90000)
 PSPermGen       total 21248K, used 7477K [0x00000000b5a00000, 0x00000000b6ec0000, 0x00000000c0000000)
  object space 21248K, 35% used [0x00000000b5a00000,0x00000000b614d610,0x00000000b6ec0000)
Event: 2.794 GC heap after
Heap after GC invocations=7 (full 1):
 PSYoungGen      total 134272K, used 14560K [0x00000000eaab0000, 0x00000000f4ba0000, 0x0000000100000000)
  eden space 102784K, 0% used [0x00000000eaab0000,0x00000000eaab0000,0x00000000f0f10000)
  from space 31488K, 46% used [0x00000000f2ce0000,0x00000000f3b18000,0x00000000f4ba0000)
  to   space 30528K, 0% used [0x00000000f0f10000,0x00000000f0f10000,0x00000000f2ce0000)
 ParOldGen       total 207424K, used 164807K [0x00000000c0000000, 0x00000000cca90000, 0x00000000eaab0000)
  object space 207424K, 79% used [0x00000000c0000000,0x00000000ca0f1d68,0x00000000cca90000)
 PSPermGen       total 21248K, used 7477K [0x00000000b5a00000, 0x00000000b6ec0000, 0x00000000c0000000)
  object space 21248K, 35% used [0x00000000b5a00000,0x00000000b614d610,0x00000000b6ec0000)
}
Event: 7.210 GC heap before
{Heap before GC invocations=8 (full 1):
 PSYoungGen      total 134272K, used 117344K [0x00000000eaab0000, 0x00000000f4ba0000, 0x0000000100000000)
  eden space 102784K, 100% used [0x00000000eaab0000,0x00000000f0f10000,0x00000000f0f10000)
  from space 31488K, 46% used [0x00000000f2ce0000,0x00000000f3b18000,0x00000000f4ba0000)
  to   space 30528K, 0% used [0x00000000f0f10000,0x00000000f0f10000,0x00000000f2ce0000)
 ParOldGen       total 207424K, used 164807K [0x00000000c0000000, 0x00000000cca90000, 0x00000000eaab0000)
  object space 207424K, 79% used [0x00000000c0000000,0x00000000ca0f1d68,0x00000000cca90000)
 PSPermGen       total 21248K, used 18580K [0x00000000b5a00000, 0x00000000b6ec0000, 0x00000000c0000000)
  object space 21248K, 87% used [0x00000000b5a00000,0x00000000b6c25138,0x00000000b6ec0000)
Event: 7.395 GC heap after
Heap after GC invocations=8 (full 1):
 PSYoungGen      total 133312K, used 30527K [0x00000000eaab0000, 0x00000000f94f0000, 0x0000000100000000)
  eden space 102784K, 0% used [0x00000000eaab0000,0x00000000eaab0000,0x00000000f0f10000)
  from space 30528K, 99% used [0x00000000f0f10000,0x00000000f2cdfd60,0x00000000f2ce0000)
  to   space 39616K, 0% used [0x00000000f6e40000,0x00000000f6e40000,0x00000000f94f0000)
 ParOldGen       total 207424K, used 172822K [0x00000000c0000000, 0x00000000cca90000, 0x00000000eaab0000)
  object space 207424K, 83% used [0x00000000c0000000,0x00000000ca8c59f8,0x00000000cca90000)
 PSPermGen       total 21248K, used 18580K [0x00000000b5a00000, 0x00000000b6ec0000, 0x00000000c0000000)
  object space 21248K, 87% used [0x00000000b5a00000,0x00000000b6c25138,0x00000000b6ec0000)
}

