# JRE version: 7.0_21-b02
# Java VM: OpenJDK 64-Bit Server VM (23.7-b01 mixed mode linux-amd64 compressed oops)
Heap
 PSYoungGen      total 305792K, used 161449K [0x00000000eaab0000, 0x00000000ffb80000, 0x0000000100000000)
  eden space 270912K, 59% used [0x00000000eaab0000,0x00000000f482a438,0x00000000fb340000)
  from space 34880K, 0% used [0x00000000fd970000,0x00000000fd9a0000,0x00000000ffb80000)
  to   space 36992K, 0% used [0x00000000fb340000,0x00000000fb340000,0x00000000fd760000)
 ParOldGen       total 64384K, used 17645K [0x00000000c0000000, 0x00000000c3ee0000, 0x00000000eaab0000)
  object space 64384K, 27% used [0x00000000c0000000,0x00000000c113b760,0x00000000c3ee0000)
 PSPermGen       total 22464K, used 19973K [0x00000000b5a00000, 0x00000000b6ff0000, 0x00000000c0000000)
  object space 22464K, 88% used [0x00000000b5a00000,0x00000000b6d814a8,0x00000000b6ff0000)
GC Heap History (10 events):
Event: 8.419 GC heap before
{Heap before GC invocations=17 (full 1):
 PSYoungGen      total 301568K, used 260577K [0x00000000eaab0000, 0x00000000fff60000, 0x0000000100000000)
  eden space 256704K, 100% used [0x00000000eaab0000,0x00000000fa560000,0x00000000fa560000)
  from space 44864K, 8% used [0x00000000fa560000,0x00000000fa9285a8,0x00000000fd130000)
  to   space 43456K, 0% used [0x00000000fd4f0000,0x00000000fd4f0000,0x00000000fff60000)
 ParOldGen       total 64384K, used 15365K [0x00000000c0000000, 0x00000000c3ee0000, 0x00000000eaab0000)
  object space 64384K, 23% used [0x00000000c0000000,0x00000000c0f016f0,0x00000000c3ee0000)
 PSPermGen       total 22464K, used 19619K [0x00000000b5a00000, 0x00000000b6ff0000, 0x00000000c0000000)
  object space 22464K, 87% used [0x00000000b5a00000,0x00000000b6d28f28,0x00000000b6ff0000)
Event: 8.424 GC heap after
Heap after GC invocations=17 (full 1):
 PSYoungGen      total 301952K, used 640K [0x00000000eaab0000, 0x00000000ffcc0000, 0x0000000100000000)
  eden space 261184K, 0% used [0x00000000eaab0000,0x00000000eaab0000,0x00000000fa9c0000)
  from space 40768K, 1% used [0x00000000fd4f0000,0x00000000fd590000,0x00000000ffcc0000)
  to   space 42496K, 0% used [0x00000000fa9c0000,0x00000000fa9c0000,0x00000000fd340000)
 ParOldGen       total 64384K, used 17157K [0x00000000c0000000, 0x00000000c3ee0000, 0x00000000eaab0000)
  object space 64384K, 26% used [0x00000000c0000000,0x00000000c10c1760,0x00000000c3ee0000)
 PSPermGen       total 22464K, used 19619K [0x00000000b5a00000, 0x00000000b6ff0000, 0x00000000c0000000)
  object space 22464K, 87% used [0x00000000b5a00000,0x00000000b6d28f28,0x00000000b6ff0000)
}
Event: 10.213 GC heap before
{Heap before GC invocations=18 (full 1):
 PSYoungGen      total 301952K, used 261824K [0x00000000eaab0000, 0x00000000ffcc0000, 0x0000000100000000)
  eden space 261184K, 100% used [0x00000000eaab0000,0x00000000fa9c0000,0x00000000fa9c0000)
  from space 40768K, 1% used [0x00000000fd4f0000,0x00000000fd590000,0x00000000ffcc0000)
  to   space 42496K, 0% used [0x00000000fa9c0000,0x00000000fa9c0000,0x00000000fd340000)
 ParOldGen       total 64384K, used 17157K [0x00000000c0000000, 0x00000000c3ee0000, 0x00000000eaab0000)
  object space 64384K, 26% used [0x00000000c0000000,0x00000000c10c1760,0x00000000c3ee0000)
 PSPermGen       total 22464K, used 19831K [0x00000000b5a00000, 0x00000000b6ff0000, 0x00000000c0000000)
  object space 22464K, 88% used [0x00000000b5a00000,0x00000000b6d5df60,0x00000000b6ff0000)
Event: 10.216 GC heap after
Heap after GC invocations=18 (full 1):
 PSYoungGen      total 303680K, used 320K [0x00000000eaab0000, 0x00000000fff70000, 0x0000000100000000)
  eden space 261184K, 0% used [0x00000000eaab0000,0x00000000eaab0000,0x00000000fa9c0000)
  from space 42496K, 0% used [0x00000000fa9c0000,0x00000000faa10000,0x00000000fd340000)
  to   space 41344K, 0% used [0x00000000fd710000,0x00000000fd710000,0x00000000fff70000)
 ParOldGen       total 64384K, used 17501K [0x00000000c0000000, 0x00000000c3ee0000, 0x00000000eaab0000)
  object space 64384K, 27% used [0x00000000c0000000,0x00000000c1117760,0x00000000c3ee0000)
 PSPermGen       total 22464K, used 19831K [0x00000000b5a00000, 0x00000000b6ff0000, 0x00000000c0000000)
  object space 22464K, 88% used [0x00000000b5a00000,0x00000000b6d5df60,0x00000000b6ff0000)
}
Event: 12.472 GC heap before
{Heap before GC invocations=19 (full 1):
 PSYoungGen      total 303680K, used 261504K [0x00000000eaab0000, 0x00000000fff70000, 0x0000000100000000)
  eden space 261184K, 100% used [0x00000000eaab0000,0x00000000fa9c0000,0x00000000fa9c0000)
  from space 42496K, 0% used [0x00000000fa9c0000,0x00000000faa10000,0x00000000fd340000)
  to   space 41344K, 0% used [0x00000000fd710000,0x00000000fd710000,0x00000000fff70000)
 ParOldGen       total 64384K, used 17501K [0x00000000c0000000, 0x00000000c3ee0000, 0x00000000eaab0000)
  object space 64384K, 27% used [0x00000000c0000000,0x00000000c1117760,0x00000000c3ee0000)
 PSPermGen       total 22464K, used 19870K [0x00000000b5a00000, 0x00000000b6ff0000, 0x00000000c0000000)
  object space 22464K, 88% used [0x00000000b5a00000,0x00000000b6d67b68,0x00000000b6ff0000)
Event: 12.475 GC heap after
Heap after GC invocations=19 (full 1):
 PSYoungGen      total 303744K, used 192K [0x00000000eaab0000, 0x00000000ffc40000, 0x0000000100000000)
  eden space 265664K, 0% used [0x00000000eaab0000,0x00000000eaab0000,0x00000000fae20000)
  from space 38080K, 0% used [0x00000000fd710000,0x00000000fd740000,0x00000000ffc40000)
  to   space 40000K, 0% used [0x00000000fae20000,0x00000000fae20000,0x00000000fd530000)
 ParOldGen       total 64384K, used 17597K [0x00000000c0000000, 0x00000000c3ee0000, 0x00000000eaab0000)
  object space 64384K, 27% used [0x00000000c0000000,0x00000000c112f760,0x00000000c3ee0000)
 PSPermGen       total 22464K, used 19870K [0x00000000b5a00000, 0x00000000b6ff0000, 0x00000000c0000000)
  object space 22464K, 88% used [0x00000000b5a00000,0x00000000b6d67b68,0x00000000b6ff0000)
}
Event: 14.785 GC heap before
{Heap before GC invocations=20 (full 1):
 PSYoungGen      total 303744K, used 264404K [0x00000000eaab0000, 0x00000000ffc40000, 0x0000000100000000)
  eden space 265664K, 99% used [0x00000000eaab0000,0x00000000facb5108,0x00000000fae20000)
  from space 38080K, 0% used [0x00000000fd710000,0x00000000fd740000,0x00000000ffc40000)
  to   space 40000K, 0% used [0x00000000fae20000,0x00000000fae20000,0x00000000fd530000)
 ParOldGen       total 64384K, used 17597K [0x00000000c0000000, 0x00000000c3ee0000, 0x00000000eaab0000)
  object space 64384K, 27% used [0x00000000c0000000,0x00000000c112f760,0x00000000c3ee0000)
 PSPermGen       total 22464K, used 19887K [0x00000000b5a00000, 0x00000000b6ff0000, 0x00000000c0000000)
  object space 22464K, 88% used [0x00000000b5a00000,0x00000000b6d6bdd0,0x00000000b6ff0000)
Event: 14.786 GC heap after
Heap after GC invocations=20 (full 1):
 PSYoungGen      total 305664K, used 224K [0x00000000eaab0000, 0x00000000fff20000, 0x0000000100000000)
  eden space 265664K, 0% used [0x00000000eaab0000,0x00000000eaab0000,0x00000000fae20000)
  from space 40000K, 0% used [0x00000000fae20000,0x00000000fae58000,0x00000000fd530000)
  to   space 38592K, 0% used [0x00000000fd970000,0x00000000fd970000,0x00000000fff20000)
 ParOldGen       total 64384K, used 17629K [0x00000000c0000000, 0x00000000c3ee0000, 0x00000000eaab0000)
  object space 64384K, 27% used [0x00000000c0000000,0x00000000c1137760,0x00000000c3ee0000)
 PSPermGen       total 22464K, used 19887K [0x00000000b5a00000, 0x00000000b6ff0000, 0x00000000c0000000)
  object space 22464K, 88% used [0x00000000b5a00000,0x00000000b6d6bdd0,0x00000000b6ff0000)
}
Event: 16.756 GC heap before
{Heap before GC invocations=21 (full 1):
 PSYoungGen      total 305664K, used 265888K [0x00000000eaab0000, 0x00000000fff20000, 0x0000000100000000)
  eden space 265664K, 100% used [0x00000000eaab0000,0x00000000fae20000,0x00000000fae20000)
  from space 40000K, 0% used [0x00000000fae20000,0x00000000fae58000,0x00000000fd530000)
  to   space 38592K, 0% used [0x00000000fd970000,0x00000000fd970000,0x00000000fff20000)
 ParOldGen       total 64384K, used 17629K [0x00000000c0000000, 0x00000000c3ee0000, 0x00000000eaab0000)
  object space 64384K, 27% used [0x00000000c0000000,0x00000000c1137760,0x00000000c3ee0000)
 PSPermGen       total 22464K, used 19911K [0x00000000b5a00000, 0x00000000b6ff0000, 0x00000000c0000000)
  object space 22464K, 88% used [0x00000000b5a00000,0x00000000b6d71d80,0x00000000b6ff0000)
Event: 16.757 GC heap after
Heap after GC invocations=21 (full 1):
 PSYoungGen      total 305792K, used 192K [0x00000000eaab0000, 0x00000000ffb80000, 0x0000000100000000)
  eden space 270912K, 0% used [0x00000000eaab0000,0x00000000eaab0000,0x00000000fb340000)
  from space 34880K, 0% used [0x00000000fd970000,0x00000000fd9a0000,0x00000000ffb80000)
  to   space 36992K, 0% used [0x00000000fb340000,0x00000000fb340000,0x00000000fd760000)
 ParOldGen       total 64384K, used 17645K [0x00000000c0000000, 0x00000000c3ee0000, 0x00000000eaab0000)
  object space 64384K, 27% used [0x00000000c0000000,0x00000000c113b760,0x00000000c3ee0000)
 PSPermGen       total 22464K, used 19911K [0x00000000b5a00000, 0x00000000b6ff0000, 0x00000000c0000000)
  object space 22464K, 88% used [0x00000000b5a00000,0x00000000b6d71d80,0x00000000b6ff0000)
}

